[06-Dec-2024 16:10:24 UTC] Array
(
    [cod] => 401
    [message] => Please note that using One Call 3.0 requires a separate subscription to the One Call by Call plan. Learn more here https://openweathermap.org/price. If you have a valid subscription to the One Call by Call plan, but still receive this error, then please see https://openweathermap.org/faq#error401 for more info.
)

[06-Dec-2024 16:10:25 UTC] Array
(
    [cod] => 401
    [message] => Please note that using One Call 3.0 requires a separate subscription to the One Call by Call plan. Learn more here https://openweathermap.org/price. If you have a valid subscription to the One Call by Call plan, but still receive this error, then please see https://openweathermap.org/faq#error401 for more info.
)

[06-Dec-2024 16:10:25 UTC] Array
(
    [cod] => 401
    [message] => Please note that using One Call 3.0 requires a separate subscription to the One Call by Call plan. Learn more here https://openweathermap.org/price. If you have a valid subscription to the One Call by Call plan, but still receive this error, then please see https://openweathermap.org/faq#error401 for more info.
)

[06-Dec-2024 16:13:18 UTC] Array
(
    [cod] => 401
    [message] => Invalid API key. Please see https://openweathermap.org/faq#error401 for more info.
)

[06-Dec-2024 16:13:19 UTC] Array
(
    [cod] => 401
    [message] => Invalid API key. Please see https://openweathermap.org/faq#error401 for more info.
)

[06-Dec-2024 16:13:20 UTC] Array
(
    [cod] => 401
    [message] => Invalid API key. Please see https://openweathermap.org/faq#error401 for more info.
)

[06-Dec-2024 16:15:34 UTC] Array
(
    [cod] => 401
    [message] => Invalid API key. Please see https://openweathermap.org/faq#error401 for more info.
)

[06-Dec-2024 16:15:48 UTC] Array
(
    [cod] => 401
    [message] => Invalid API key. Please see https://openweathermap.org/faq#error401 for more info.
)

